C51 COMPILER V9.02   MAIN                                                                  07/03/2017 17:56:35 PAGE 1   


C51 COMPILER V9.02, COMPILATION OF MODULE MAIN
OBJECT MODULE PLACED IN Main.OBJ
COMPILER INVOKED BY: D:\Keil C51\C51\BIN\C51.EXE Main.c BROWSE DEBUG OBJECTEXTEND

line level    source

   1          /*********************************************************************************
   2          * 【说    明】： 此程序为51单片机与MCGS组态王软件Modbus RTU通讯下位机程序，
   3                           此程序在STC89C52RC单片机上测试通过，可以移植到其他51系列单片机！
   4          * 【函数功能】： 51单片机与MCGS组态王软件Modbus RTU通讯主程序                                                                               
   5          * 【修    改】： DREAKER Bluster
   6          * 【修改时间】： 2017年 7月1日
   7          **********************************************************************************/
   8          #include "Project.h"
   9          // unsigned char code led[]={63,6,91,79,102,109,125,7,127,111,};//十进制
  10          // unsinged char code led[]={0x3F,0x6,0x5B,0x4F,0x66,0x6D,0x7D,0x7,0x7F,0x6F,};//16进制:
  11          
  12          
  13          void main(void)
  14          {
  15   1              UINT nCounter = 0;
  16   1              UCHAR ucLedIndex = 0;
  17   1      
  18   1              SYSTEM_DISABLE_INTERRUPT();
  19   1      
  20   1              TimerInit();
  21   1              UartInit(9600, 1);
  22   1      
  23   1              SYSTEM_ENABLE_INTERRUPT();
  24   1      
  25   1              P1=0x7f;
  26   1      
  27   1              while(1) {
  28   2              
  29   2                      timerProc(); 
  30   2                      checkComm0Modbus();//检测modbus帧
  31   2              
  32   2      
  33   2      
  34   2              }
  35   1      }


MODULE INFORMATION:   STATIC OVERLAYABLE
   CODE SIZE        =     39    ----
   CONSTANT SIZE    =   ----    ----
   XDATA SIZE       =   ----    ----
   PDATA SIZE       =   ----    ----
   DATA SIZE        =   ----       3
   IDATA SIZE       =   ----    ----
   BIT SIZE         =   ----    ----
END OF MODULE INFORMATION.


C51 COMPILATION COMPLETE.  0 WARNING(S),  0 ERROR(S)
