C51 COMPILER V9.02   SYSTEM                                                                07/03/2017 17:56:35 PAGE 1   


C51 COMPILER V9.02, COMPILATION OF MODULE SYSTEM
OBJECT MODULE PLACED IN System.OBJ
COMPILER INVOKED BY: D:\Keil C51\C51\BIN\C51.EXE System.c BROWSE DEBUG OBJECTEXTEND

line level    source

   1          #include "Project.h"
   2          
   3          void SystemInit (void)
   4          {
   5   1              // 初始化系统板
   6   1      }


MODULE INFORMATION:   STATIC OVERLAYABLE
   CODE SIZE        =      1    ----
   CONSTANT SIZE    =   ----    ----
   XDATA SIZE       =   ----    ----
   PDATA SIZE       =   ----    ----
   DATA SIZE        =   ----    ----
   IDATA SIZE       =   ----    ----
   BIT SIZE         =   ----    ----
END OF MODULE INFORMATION.


C51 COMPILATION COMPLETE.  0 WARNING(S),  0 ERROR(S)
